<?xml version="1.0" encoding="UTF-8"?>
<testng-results ignored="0" total="1" passed="1" failed="0" skipped="0">
  <reporter-output>
  </reporter-output>
  <suite started-at="2021-11-03T13:04:01 IST" name="Surefire suite" finished-at="2021-11-03T13:04:04 IST" duration-ms="2074">
    <groups>
    </groups>
    <test started-at="2021-11-03T13:04:01 IST" name="Surefire test" finished-at="2021-11-03T13:04:04 IST" duration-ms="2074">
      <class name="Automation.Cucumber.AppTest">
        <test-method signature="shouldAnswerWithTrue()" started-at="2021-11-03T13:04:02 IST" name="shouldAnswerWithTrue" finished-at="2021-11-03T13:04:02 IST" duration-ms="12" status="PASS">
          <reporter-output>
          </reporter-output>
        </test-method> <!-- shouldAnswerWithTrue -->
      </class> <!-- Automation.Cucumber.AppTest -->
    </test> <!-- Surefire test -->
  </suite> <!-- Surefire suite -->
</testng-results>
