<?xml version="1.0" encoding="UTF-8"?>
<testsuite xmlns:xsi="http://www.w3.org/2001/XMLSchema-instance" xsi:noNamespaceSchemaLocation="https://maven.apache.org/surefire/maven-surefire-plugin/xsd/surefire-test-report.xsd" name="TestSuite" time="5.868" tests="13" errors="0" skipped="0" failures="0">
  <properties>
[...]
</properties>
  <testcase name="runScenario" classname="cucumberOptions.TestNgtestrunner" time="0.268"/>
  <testcase name="runScenario" classname="cucumberOptions.TestNgtestrunner" time="0.1"/>
  <testcase name="runScenario" classname="cucumberOptions.TestNgtestrunner" time="0.025"/>
  <testcase name="runScenario" classname="cucumberOptions.TestNgtestrunner" time="0.024"/>
  <testcase name="runScenario" classname="cucumberOptions.TestNgtestrunner" time="0.029"/>
  <testcase name="runScenario" classname="cucumberOptions.TestNgtestrunner" time="0.023"/>
  <testcase name="runScenario" classname="cucumberOptions.TestNgtestrunner" time="0.006"/>
  <testcase name="runScenario" classname="cucumberOptions.TestNgtestrunner" time="0.01"/>
  <testcase name="runScenario" classname="cucumberOptions.TestNgtestrunner" time="0.013"/>
  <testcase name="runScenario" classname="cucumberOptions.TestNgtestrunner" time="0.02"/>
  <testcase name="runScenario" classname="cucumberOptions.TestNgtestrunner" time="0.034"/>
  <testcase name="runScenario" classname="cucumberOptions.TestNgtestrunner" time="0.01"/>
  <testcase name="shouldAnswerWithTrue on shouldAnswerWithTrue(Automation.Cucumber.AppTest)" classname="Automation.Cucumber.AppTest" time="0"/>
</testsuite>